{"C:\\xampp\\htdocs\\Cabello.SA\\Parcial3\\Jest\\src\\modulo.js": {"path":"C:\\xampp\\htdocs\\Cabello.SA\\Parcial3\\Jest\\src\\modulo.js","statementMap":{"0":{"start":{"line":2,"column":4},"end":{"line":2,"column":26}},"1":{"start":{"line":6,"column":4},"end":{"line":6,"column":23}},"2":{"start":{"line":8,"column":0},"end":{"line":8,"column":43}}},"fnMap":{"0":{"name":"areaTriangulo","decl":{"start":{"line":1,"column":9},"end":{"line":1,"column":22}},"loc":{"start":{"line":1,"column":35},"end":{"line":3,"column":1}},"line":1},"1":{"name":"areaCuadrado","decl":{"start":{"line":5,"column":9},"end":{"line":5,"column":21}},"loc":{"start":{"line":5,"column":27},"end":{"line":7,"column":1}},"line":5}},"branchMap":{},"s":{"0":1,"1":0,"2":1},"f":{"0":1,"1":0},"b":{},"_coverageSchema":"1a1c01bbd47fc00a2c39e90264f33305004495a9","hash":"220bdddf8cd8e3aa5f9befe6dea7ac15f19d7cb1"}
}
